Starting Heuristic with p-model...

Reading data from 'dpp/Adhya4.dpp'...
The pooling network 'Adhya4' has 8 sources, 2 pools,
5 terminals and 18 arcs with 4 qualities.
40 lines were read.
Iteration  1:
  Term 11, STAT  1, Obj = -97.500000
  Term 12, STAT  1, Obj = -505.605381
  Term 13, STAT  1, Obj = -268.333333
  Term 14, STAT  1, Obj = 0.000000
  Term 15, STAT  1, Obj = -105.000000
                                 SOL = -505.605381
Iteration  2:
  Term 13, STAT  2, Obj = -267.040387
                                 SOL = -772.645768
Iteration  3:
  Term 15, STAT  1, Obj = -105.000000
                                 SOL = -877.645768
Iteration  4:
  Term 11, STAT  1, Obj = 0.000000
Iteration  5:
  Term 14, STAT  1, Obj = 0.000000

===============================================
Optimal solution found     =      -877.645768
Best objective value       =             -inf
Relative gap               =              inf%
Elapsed time (hh:mm:ss:ms) =      00:00:00:00
===============================================
